<?xml version="1.0" encoding="UTF-8"?>
<robot generator="Robot 7.0 (Python 3.11.4 on win32)" generated="2024-03-21T14:21:39.360311" rpa="false" schemaversion="5">
<suite id="s1" name="ManageAccountTest" source="C:\Users\ABD\PycharmProjects\MyGoal\TestCases\ManageAccountTest.robot">
<test id="s1-t1" name="Verify The Create Account Button Functionality" line="17">
<kw name="Open My Browser" owner="LoginKeyword" type="SETUP">
<kw name="Open Browser" owner="SeleniumLibrary">
<msg time="2024-03-21T14:21:39.767270" level="INFO">Opening browser 'headlesschrome' to base url 'http://localhost/banking/admin/login.php'.</msg>
<arg>${siteUrl}</arg>
<arg>${Browser}</arg>
<doc>Opens a new browser instance to the optional ``url``.</doc>
<status status="PASS" start="2024-03-21T14:21:39.767270" elapsed="2.661465"/>
</kw>
<kw name="Maximize Browser Window" owner="SeleniumLibrary">
<doc>Maximizes current browser window.</doc>
<status status="PASS" start="2024-03-21T14:21:42.429900" elapsed="0.117226"/>
</kw>
<status status="PASS" start="2024-03-21T14:21:39.767270" elapsed="2.779856"/>
</kw>
<kw name="Verify the Create New Account button functionality available on the Manage Account Page">
<kw name="Enter UserName" owner="LoginKeyword">
<kw name="Input Text" owner="SeleniumLibrary">
<msg time="2024-03-21T14:21:42.548770" level="INFO">Typing text 'admin' into text field 'name:username'.</msg>
<arg>${text_loginUsername}</arg>
<arg>${UserName}</arg>
<doc>Types the given ``text`` into the text field identified by ``locator``.</doc>
<status status="PASS" start="2024-03-21T14:21:42.548770" elapsed="0.191432"/>
</kw>
<arg>${UserId}</arg>
<status status="PASS" start="2024-03-21T14:21:42.548770" elapsed="0.191432"/>
</kw>
<kw name="Enter Password" owner="LoginKeyword">
<kw name="Input Text" owner="SeleniumLibrary">
<msg time="2024-03-21T14:21:42.741540" level="INFO">Typing text 'admin123' into text field 'name:password'.</msg>
<arg>${text_loginPassword}</arg>
<arg>${UserPassword}</arg>
<doc>Types the given ``text`` into the text field identified by ``locator``.</doc>
<status status="PASS" start="2024-03-21T14:21:42.741540" elapsed="0.129248"/>
</kw>
<arg>${UserPassword}</arg>
<status status="PASS" start="2024-03-21T14:21:42.741540" elapsed="0.129248"/>
</kw>
<kw name="Click into Login" owner="LoginKeyword">
<kw name="Click Button" owner="SeleniumLibrary">
<msg time="2024-03-21T14:21:42.870788" level="INFO">Clicking button 'xpath://button[contains(text(),'Sign In')]'.</msg>
<arg>${btn_login}</arg>
<doc>Clicks the button identified by ``locator``.</doc>
<status status="PASS" start="2024-03-21T14:21:42.870788" elapsed="0.202135"/>
</kw>
<status status="PASS" start="2024-03-21T14:21:42.870788" elapsed="0.202135"/>
</kw>
<kw name="Sleep" owner="BuiltIn">
<msg time="2024-03-21T14:21:45.073312" level="INFO">Slept 2 seconds.</msg>
<arg>2</arg>
<doc>Pauses the test executed for the given time.</doc>
<status status="PASS" start="2024-03-21T14:21:43.072923" elapsed="2.000924"/>
</kw>
<kw name="Click on Account Management" owner="DashboardKeyword">
<kw name="Click Element" owner="SeleniumLibrary">
<msg time="2024-03-21T14:21:45.075465" level="INFO">Clicking element 'xpath://p[contains(text(),'Account Management')]'.</msg>
<arg>${account_management}</arg>
<doc>Click the element identified by ``locator``.</doc>
<status status="PASS" start="2024-03-21T14:21:45.075465" elapsed="0.214253"/>
</kw>
<status status="PASS" start="2024-03-21T14:21:45.073847" elapsed="0.215871"/>
</kw>
<kw name="Sleep" owner="BuiltIn">
<msg time="2024-03-21T14:21:47.289953" level="INFO">Slept 2 seconds.</msg>
<arg>2</arg>
<doc>Pauses the test executed for the given time.</doc>
<status status="PASS" start="2024-03-21T14:21:45.289718" elapsed="2.000235"/>
</kw>
<kw name="Click on Manage Account option" owner="DashboardKeyword">
<kw name="Click Element" owner="SeleniumLibrary">
<msg time="2024-03-21T14:21:47.291508" level="INFO">Clicking element 'xpath://p[contains(text(),'Manage Account')]'.</msg>
<arg>${manage_account}</arg>
<doc>Click the element identified by ``locator``.</doc>
<status status="PASS" start="2024-03-21T14:21:47.289953" elapsed="0.381978"/>
</kw>
<status status="PASS" start="2024-03-21T14:21:47.289953" elapsed="0.381978"/>
</kw>
<kw name="Sleep" owner="BuiltIn">
<msg time="2024-03-21T14:21:49.673562" level="INFO">Slept 2 seconds.</msg>
<arg>2</arg>
<doc>Pauses the test executed for the given time.</doc>
<status status="PASS" start="2024-03-21T14:21:47.673200" elapsed="2.000362"/>
</kw>
<kw name="Click into the Create New Account Button on Manage Account Page" owner="ManageAccountKeyword">
<kw name="Click Element" owner="SeleniumLibrary">
<msg time="2024-03-21T14:21:49.675300" level="INFO">Clicking element 'xpath://a[@href='?page=accounts/manage_account']'.</msg>
<arg>${locator_create_new_account_button}</arg>
<doc>Click the element identified by ``locator``.</doc>
<status status="PASS" start="2024-03-21T14:21:49.675300" elapsed="0.365762"/>
</kw>
<status status="PASS" start="2024-03-21T14:21:49.673562" elapsed="0.367500"/>
</kw>
<kw name="Sleep" owner="BuiltIn">
<msg time="2024-03-21T14:21:51.041766" level="INFO">Slept 1 second.</msg>
<arg>1</arg>
<doc>Pauses the test executed for the given time.</doc>
<status status="PASS" start="2024-03-21T14:21:50.041572" elapsed="1.000194"/>
</kw>
<kw name="Verify the Create New Account functionality on Manage Account Pages" owner="ManageAccountKeyword">
<kw name="Get Text" owner="SeleniumLibrary">
<msg time="2024-03-21T14:21:51.158305" level="INFO">${TitleOfTheNewAccountPage} = Create New Account</msg>
<var>${TitleOfTheNewAccountPage}</var>
<arg>${new_account_heading}</arg>
<doc>Returns the text value of the element identified by ``locator``.</doc>
<status status="PASS" start="2024-03-21T14:21:51.041766" elapsed="0.116539"/>
</kw>
<kw name="Should Be Equal As Strings" owner="BuiltIn">
<arg>${TitleOfTheNewAccountPage}</arg>
<arg>Create New Account</arg>
<doc>Fails if objects are unequal after converting them to strings.</doc>
<status status="PASS" start="2024-03-21T14:21:51.158305" elapsed="0.000000"/>
</kw>
<status status="PASS" start="2024-03-21T14:21:51.041766" elapsed="0.116539"/>
</kw>
<status status="PASS" start="2024-03-21T14:21:42.547126" elapsed="8.613744"/>
</kw>
<kw name="Run Keywords" owner="BuiltIn" type="TEARDOWN">
<kw name="Capture Screenshot On Failure" owner="LoginKeyword">
<kw name="Run Keyword If Test Failed" owner="BuiltIn">
<arg>Capture Page Screenshot</arg>
<doc>Runs the given keyword with the given arguments, if the test failed.</doc>
<status status="PASS" start="2024-03-21T14:21:51.162042" elapsed="0.000000"/>
</kw>
<status status="PASS" start="2024-03-21T14:21:51.162042" elapsed="0.000000"/>
</kw>
<kw name="Close my browser" owner="LoginKeyword">
<kw name="Close All Browsers" owner="SeleniumLibrary">
<doc>Closes all open browsers and resets the browser cache.</doc>
<status status="PASS" start="2024-03-21T14:21:51.165228" elapsed="6.397429"/>
</kw>
<status status="PASS" start="2024-03-21T14:21:51.162042" elapsed="6.400615"/>
</kw>
<arg>Capture Screenshot On Failure</arg>
<arg>AND</arg>
<arg>Close my browser</arg>
<doc>Executes all the given keywords in a sequence.</doc>
<status status="PASS" start="2024-03-21T14:21:51.162042" elapsed="6.400615"/>
</kw>
<tag>regression</tag>
<tag>Smoke</tag>
<tag>snaity</tag>
<status status="PASS" start="2024-03-21T14:21:39.766262" elapsed="17.796395"/>
</test>
<test id="s1-t2" name="Verify The Search Functionality" line="20">
<kw name="Open My Browser" owner="LoginKeyword" type="SETUP">
<kw name="Open Browser" owner="SeleniumLibrary">
<msg time="2024-03-21T14:21:57.567146" level="INFO">Opening browser 'headlesschrome' to base url 'http://localhost/banking/admin/login.php'.</msg>
<arg>${siteUrl}</arg>
<arg>${Browser}</arg>
<doc>Opens a new browser instance to the optional ``url``.</doc>
<status status="PASS" start="2024-03-21T14:21:57.567146" elapsed="2.580471"/>
</kw>
<kw name="Maximize Browser Window" owner="SeleniumLibrary">
<doc>Maximizes current browser window.</doc>
<status status="PASS" start="2024-03-21T14:22:00.147617" elapsed="0.119973"/>
</kw>
<status status="PASS" start="2024-03-21T14:21:57.567146" elapsed="2.700444"/>
</kw>
<kw name="Verify the search functionality available on manage account page">
<kw name="Enter UserName" owner="LoginKeyword">
<kw name="Input Text" owner="SeleniumLibrary">
<msg time="2024-03-21T14:22:00.269799" level="INFO">Typing text 'admin' into text field 'name:username'.</msg>
<arg>${text_loginUsername}</arg>
<arg>${UserName}</arg>
<doc>Types the given ``text`` into the text field identified by ``locator``.</doc>
<status status="PASS" start="2024-03-21T14:22:00.269799" elapsed="0.145117"/>
</kw>
<arg>${UserId}</arg>
<status status="PASS" start="2024-03-21T14:22:00.269799" elapsed="0.145117"/>
</kw>
<kw name="Enter Password" owner="LoginKeyword">
<kw name="Input Text" owner="SeleniumLibrary">
<msg time="2024-03-21T14:22:00.415942" level="INFO">Typing text 'admin123' into text field 'name:password'.</msg>
<arg>${text_loginPassword}</arg>
<arg>${UserPassword}</arg>
<doc>Types the given ``text`` into the text field identified by ``locator``.</doc>
<status status="PASS" start="2024-03-21T14:22:00.414916" elapsed="0.140131"/>
</kw>
<arg>${UserPassword}</arg>
<status status="PASS" start="2024-03-21T14:22:00.414916" elapsed="0.140131"/>
</kw>
<kw name="Click into Login" owner="LoginKeyword">
<kw name="Click Button" owner="SeleniumLibrary">
<msg time="2024-03-21T14:22:00.559210" level="INFO">Clicking button 'xpath://button[contains(text(),'Sign In')]'.</msg>
<arg>${btn_login}</arg>
<doc>Clicks the button identified by ``locator``.</doc>
<status status="PASS" start="2024-03-21T14:22:00.558239" elapsed="0.234071"/>
</kw>
<status status="PASS" start="2024-03-21T14:22:00.556686" elapsed="0.237134"/>
</kw>
<kw name="Sleep" owner="BuiltIn">
<msg time="2024-03-21T14:22:02.794438" level="INFO">Slept 2 seconds.</msg>
<arg>2</arg>
<doc>Pauses the test executed for the given time.</doc>
<status status="PASS" start="2024-03-21T14:22:00.793820" elapsed="2.001212"/>
</kw>
<kw name="Click on Account Management" owner="DashboardKeyword">
<kw name="Click Element" owner="SeleniumLibrary">
<msg time="2024-03-21T14:22:02.797213" level="INFO">Clicking element 'xpath://p[contains(text(),'Account Management')]'.</msg>
<arg>${account_management}</arg>
<doc>Click the element identified by ``locator``.</doc>
<status status="PASS" start="2024-03-21T14:22:02.796134" elapsed="0.274444"/>
</kw>
<status status="PASS" start="2024-03-21T14:22:02.795032" elapsed="0.275546"/>
</kw>
<kw name="Sleep" owner="BuiltIn">
<msg time="2024-03-21T14:22:05.072282" level="INFO">Slept 2 seconds.</msg>
<arg>2</arg>
<doc>Pauses the test executed for the given time.</doc>
<status status="PASS" start="2024-03-21T14:22:03.071647" elapsed="2.000635"/>
</kw>
<kw name="Click on Manage Account option" owner="DashboardKeyword">
<kw name="Click Element" owner="SeleniumLibrary">
<msg time="2024-03-21T14:22:05.072282" level="INFO">Clicking element 'xpath://p[contains(text(),'Manage Account')]'.</msg>
<arg>${manage_account}</arg>
<doc>Click the element identified by ``locator``.</doc>
<status status="PASS" start="2024-03-21T14:22:05.072282" elapsed="0.319032"/>
</kw>
<status status="PASS" start="2024-03-21T14:22:05.072282" elapsed="0.319032"/>
</kw>
<kw name="Sleep" owner="BuiltIn">
<msg time="2024-03-21T14:22:06.393442" level="INFO">Slept 1 second.</msg>
<arg>1</arg>
<doc>Pauses the test executed for the given time.</doc>
<status status="PASS" start="2024-03-21T14:22:05.391314" elapsed="1.002128"/>
</kw>
<kw name="Enter the Value on Search Box" owner="ManageAccountKeyword">
<kw name="Input Text" owner="SeleniumLibrary">
<msg time="2024-03-21T14:22:06.397250" level="INFO">Typing text 'varun' into text field 'xpath://input[@type='search']'.</msg>
<arg>${locator_search_box}</arg>
<arg>${search_data}</arg>
<doc>Types the given ``text`` into the text field identified by ``locator``.</doc>
<status status="PASS" start="2024-03-21T14:22:06.395172" elapsed="0.376727"/>
</kw>
<arg>${search_value}</arg>
<status status="PASS" start="2024-03-21T14:22:06.393442" elapsed="0.380498"/>
</kw>
<kw name="Sleep" owner="BuiltIn">
<msg time="2024-03-21T14:22:07.774077" level="INFO">Slept 1 second.</msg>
<arg>1</arg>
<doc>Pauses the test executed for the given time.</doc>
<status status="PASS" start="2024-03-21T14:22:06.773940" elapsed="1.000137"/>
</kw>
<kw name="Varify the Search Result" owner="ManageAccountKeyword">
<kw name="Get Text" owner="SeleniumLibrary">
<msg time="2024-03-21T14:22:07.885091" level="INFO">${SearchResult} = Sharma, VarunKumar</msg>
<var>${SearchResult}</var>
<arg>${locator_search_result}</arg>
<doc>Returns the text value of the element identified by ``locator``.</doc>
<status status="PASS" start="2024-03-21T14:22:07.775120" elapsed="0.109971"/>
</kw>
<kw name="Should Be Equal As Strings" owner="BuiltIn">
<arg>${SearchResult}</arg>
<arg>Sharma, VarunKumar</arg>
<doc>Fails if objects are unequal after converting them to strings.</doc>
<status status="PASS" start="2024-03-21T14:22:07.885091" elapsed="0.000000"/>
</kw>
<status status="PASS" start="2024-03-21T14:22:07.775120" elapsed="0.109971"/>
</kw>
<status status="PASS" start="2024-03-21T14:22:00.268694" elapsed="7.616397"/>
</kw>
<kw name="Run Keywords" owner="BuiltIn" type="TEARDOWN">
<kw name="Capture Screenshot On Failure" owner="LoginKeyword">
<kw name="Run Keyword If Test Failed" owner="BuiltIn">
<arg>Capture Page Screenshot</arg>
<doc>Runs the given keyword with the given arguments, if the test failed.</doc>
<status status="PASS" start="2024-03-21T14:22:07.885091" elapsed="0.000000"/>
</kw>
<status status="PASS" start="2024-03-21T14:22:07.885091" elapsed="0.000000"/>
</kw>
<kw name="Close my browser" owner="LoginKeyword">
<kw name="Close All Browsers" owner="SeleniumLibrary">
<doc>Closes all open browsers and resets the browser cache.</doc>
<status status="PASS" start="2024-03-21T14:22:07.890127" elapsed="6.340408"/>
</kw>
<status status="PASS" start="2024-03-21T14:22:07.885091" elapsed="6.345444"/>
</kw>
<arg>Capture Screenshot On Failure</arg>
<arg>AND</arg>
<arg>Close my browser</arg>
<doc>Executes all the given keywords in a sequence.</doc>
<status status="PASS" start="2024-03-21T14:22:07.885091" elapsed="6.345444"/>
</kw>
<tag>regression</tag>
<status status="PASS" start="2024-03-21T14:21:57.567146" elapsed="16.663389"/>
</test>
<test id="s1-t3" name="Verify the Action Button functionality Working Or not" line="23">
<kw name="Open My Browser" owner="LoginKeyword" type="SETUP">
<kw name="Open Browser" owner="SeleniumLibrary">
<msg time="2024-03-21T14:22:14.235043" level="INFO">Opening browser 'headlesschrome' to base url 'http://localhost/banking/admin/login.php'.</msg>
<arg>${siteUrl}</arg>
<arg>${Browser}</arg>
<doc>Opens a new browser instance to the optional ``url``.</doc>
<status status="PASS" start="2024-03-21T14:22:14.235043" elapsed="2.523948"/>
</kw>
<kw name="Maximize Browser Window" owner="SeleniumLibrary">
<doc>Maximizes current browser window.</doc>
<status status="PASS" start="2024-03-21T14:22:16.764129" elapsed="0.110679"/>
</kw>
<status status="PASS" start="2024-03-21T14:22:14.235043" elapsed="2.639765"/>
</kw>
<kw name="Varify the Action button functioanlity available on the manage account page">
<kw name="Enter UserName" owner="LoginKeyword">
<kw name="Input Text" owner="SeleniumLibrary">
<msg time="2024-03-21T14:22:16.874808" level="INFO">Typing text 'admin' into text field 'name:username'.</msg>
<arg>${text_loginUsername}</arg>
<arg>${UserName}</arg>
<doc>Types the given ``text`` into the text field identified by ``locator``.</doc>
<status status="PASS" start="2024-03-21T14:22:16.874808" elapsed="0.166299"/>
</kw>
<arg>${UserId}</arg>
<status status="PASS" start="2024-03-21T14:22:16.874808" elapsed="0.166299"/>
</kw>
<kw name="Enter Password" owner="LoginKeyword">
<kw name="Input Text" owner="SeleniumLibrary">
<msg time="2024-03-21T14:22:17.042644" level="INFO">Typing text 'admin123' into text field 'name:password'.</msg>
<arg>${text_loginPassword}</arg>
<arg>${UserPassword}</arg>
<doc>Types the given ``text`` into the text field identified by ``locator``.</doc>
<status status="PASS" start="2024-03-21T14:22:17.042644" elapsed="0.110490"/>
</kw>
<arg>${UserPassword}</arg>
<status status="PASS" start="2024-03-21T14:22:17.042644" elapsed="0.110490"/>
</kw>
<kw name="Click into Login" owner="LoginKeyword">
<kw name="Click Button" owner="SeleniumLibrary">
<msg time="2024-03-21T14:22:17.154421" level="INFO">Clicking button 'xpath://button[contains(text(),'Sign In')]'.</msg>
<arg>${btn_login}</arg>
<doc>Clicks the button identified by ``locator``.</doc>
<status status="PASS" start="2024-03-21T14:22:17.153134" elapsed="0.093112"/>
</kw>
<status status="PASS" start="2024-03-21T14:22:17.153134" elapsed="0.093112"/>
</kw>
<kw name="Sleep" owner="BuiltIn">
<msg time="2024-03-21T14:22:19.246986" level="INFO">Slept 2 seconds.</msg>
<arg>2</arg>
<doc>Pauses the test executed for the given time.</doc>
<status status="PASS" start="2024-03-21T14:22:17.246246" elapsed="2.000740"/>
</kw>
<kw name="Click on Account Management" owner="DashboardKeyword">
<kw name="Click Element" owner="SeleniumLibrary">
<msg time="2024-03-21T14:22:19.252430" level="INFO">Clicking element 'xpath://p[contains(text(),'Account Management')]'.</msg>
<arg>${account_management}</arg>
<doc>Click the element identified by ``locator``.</doc>
<status status="PASS" start="2024-03-21T14:22:19.250051" elapsed="0.253535"/>
</kw>
<status status="PASS" start="2024-03-21T14:22:19.246986" elapsed="0.256600"/>
</kw>
<kw name="Sleep" owner="BuiltIn">
<msg time="2024-03-21T14:22:21.505658" level="INFO">Slept 2 seconds.</msg>
<arg>2</arg>
<doc>Pauses the test executed for the given time.</doc>
<status status="PASS" start="2024-03-21T14:22:19.505158" elapsed="2.000500"/>
</kw>
<kw name="Click on Manage Account option" owner="DashboardKeyword">
<kw name="Click Element" owner="SeleniumLibrary">
<msg time="2024-03-21T14:22:21.507315" level="INFO">Clicking element 'xpath://p[contains(text(),'Manage Account')]'.</msg>
<arg>${manage_account}</arg>
<doc>Click the element identified by ``locator``.</doc>
<status status="PASS" start="2024-03-21T14:22:21.507315" elapsed="0.379631"/>
</kw>
<status status="PASS" start="2024-03-21T14:22:21.506809" elapsed="0.381880"/>
</kw>
<kw name="Sleep" owner="BuiltIn">
<msg time="2024-03-21T14:22:22.889044" level="INFO">Slept 1 second.</msg>
<arg>1</arg>
<doc>Pauses the test executed for the given time.</doc>
<status status="PASS" start="2024-03-21T14:22:21.888689" elapsed="1.000355"/>
</kw>
<kw name="Click on Action Button" owner="ManageAccountKeyword">
<kw name="Click Element" owner="SeleniumLibrary">
<msg time="2024-03-21T14:22:22.889044" level="INFO">Clicking element 'xpath:(//button[@class='btn btn-flat btn-default btn-sm dropdown-toggle dropdown-icon'])[1]'.</msg>
<arg>${locator_action_button}</arg>
<doc>Click the element identified by ``locator``.</doc>
<status status="PASS" start="2024-03-21T14:22:22.889044" elapsed="0.170635"/>
</kw>
<status status="PASS" start="2024-03-21T14:22:22.889044" elapsed="0.170635"/>
</kw>
<kw name="Sleep" owner="BuiltIn">
<msg time="2024-03-21T14:22:24.061764" level="INFO">Slept 1 second.</msg>
<arg>1</arg>
<doc>Pauses the test executed for the given time.</doc>
<status status="PASS" start="2024-03-21T14:22:23.059679" elapsed="1.002085"/>
</kw>
<kw name="Verify the Action Button functionality" owner="ManageAccountKeyword">
<kw name="Get Text" owner="SeleniumLibrary">
<msg time="2024-03-21T14:22:24.170241" level="INFO">${deleteHeading} = Delete</msg>
<var>${deleteHeading}</var>
<arg>${locator_delete_button}</arg>
<doc>Returns the text value of the element identified by ``locator``.</doc>
<status status="PASS" start="2024-03-21T14:22:24.061764" elapsed="0.108477"/>
</kw>
<kw name="Should Be Equal As Strings" owner="BuiltIn">
<arg>${deleteHeading}</arg>
<arg>Delete</arg>
<doc>Fails if objects are unequal after converting them to strings.</doc>
<status status="PASS" start="2024-03-21T14:22:24.170241" elapsed="0.000000"/>
</kw>
<status status="PASS" start="2024-03-21T14:22:24.061764" elapsed="0.108477"/>
</kw>
<status status="PASS" start="2024-03-21T14:22:16.874808" elapsed="7.295433"/>
</kw>
<kw name="Run Keywords" owner="BuiltIn" type="TEARDOWN">
<kw name="Capture Screenshot On Failure" owner="LoginKeyword">
<kw name="Run Keyword If Test Failed" owner="BuiltIn">
<arg>Capture Page Screenshot</arg>
<doc>Runs the given keyword with the given arguments, if the test failed.</doc>
<status status="PASS" start="2024-03-21T14:22:24.175353" elapsed="0.000000"/>
</kw>
<status status="PASS" start="2024-03-21T14:22:24.175353" elapsed="0.000000"/>
</kw>
<kw name="Close my browser" owner="LoginKeyword">
<kw name="Close All Browsers" owner="SeleniumLibrary">
<doc>Closes all open browsers and resets the browser cache.</doc>
<status status="PASS" start="2024-03-21T14:22:24.180368" elapsed="6.441103"/>
</kw>
<status status="PASS" start="2024-03-21T14:22:24.175353" elapsed="6.446118"/>
</kw>
<arg>Capture Screenshot On Failure</arg>
<arg>AND</arg>
<arg>Close my browser</arg>
<doc>Executes all the given keywords in a sequence.</doc>
<status status="PASS" start="2024-03-21T14:22:24.175353" elapsed="6.446118"/>
</kw>
<tag>regression</tag>
<status status="PASS" start="2024-03-21T14:22:14.230535" elapsed="16.390936"/>
</test>
<test id="s1-t4" name="Verify The Account Delete Functionality It is working or not" line="26">
<kw name="Open My Browser" owner="LoginKeyword" type="SETUP">
<kw name="Open Browser" owner="SeleniumLibrary">
<msg time="2024-03-21T14:22:30.630171" level="INFO">Opening browser 'headlesschrome' to base url 'http://localhost/banking/admin/login.php'.</msg>
<arg>${siteUrl}</arg>
<arg>${Browser}</arg>
<doc>Opens a new browser instance to the optional ``url``.</doc>
<status status="PASS" start="2024-03-21T14:22:30.630171" elapsed="2.505045"/>
</kw>
<kw name="Maximize Browser Window" owner="SeleniumLibrary">
<doc>Maximizes current browser window.</doc>
<status status="PASS" start="2024-03-21T14:22:33.135216" elapsed="0.135417"/>
</kw>
<status status="PASS" start="2024-03-21T14:22:30.630171" elapsed="2.640462"/>
</kw>
<kw name="Verify the Delete Account functioality available on the manage account page">
<kw name="Enter UserName" owner="LoginKeyword">
<kw name="Input Text" owner="SeleniumLibrary">
<msg time="2024-03-21T14:22:33.270633" level="INFO">Typing text 'admin' into text field 'name:username'.</msg>
<arg>${text_loginUsername}</arg>
<arg>${UserName}</arg>
<doc>Types the given ``text`` into the text field identified by ``locator``.</doc>
<status status="PASS" start="2024-03-21T14:22:33.270633" elapsed="0.151760"/>
</kw>
<arg>${UserId}</arg>
<status status="PASS" start="2024-03-21T14:22:33.270633" elapsed="0.151760"/>
</kw>
<kw name="Enter Password" owner="LoginKeyword">
<kw name="Input Text" owner="SeleniumLibrary">
<msg time="2024-03-21T14:22:33.424045" level="INFO">Typing text 'admin123' into text field 'name:password'.</msg>
<arg>${text_loginPassword}</arg>
<arg>${UserPassword}</arg>
<doc>Types the given ``text`` into the text field identified by ``locator``.</doc>
<status status="PASS" start="2024-03-21T14:22:33.422932" elapsed="0.107927"/>
</kw>
<arg>${UserPassword}</arg>
<status status="PASS" start="2024-03-21T14:22:33.422393" elapsed="0.109603"/>
</kw>
<kw name="Click into Login" owner="LoginKeyword">
<kw name="Click Button" owner="SeleniumLibrary">
<msg time="2024-03-21T14:22:33.531996" level="INFO">Clicking button 'xpath://button[contains(text(),'Sign In')]'.</msg>
<arg>${btn_login}</arg>
<doc>Clicks the button identified by ``locator``.</doc>
<status status="PASS" start="2024-03-21T14:22:33.531996" elapsed="0.080838"/>
</kw>
<status status="PASS" start="2024-03-21T14:22:33.531996" elapsed="0.082042"/>
</kw>
<kw name="Sleep" owner="BuiltIn">
<msg time="2024-03-21T14:22:35.614698" level="INFO">Slept 2 seconds.</msg>
<arg>2</arg>
<doc>Pauses the test executed for the given time.</doc>
<status status="PASS" start="2024-03-21T14:22:33.614038" elapsed="2.001232"/>
</kw>
<kw name="Click on Account Management" owner="DashboardKeyword">
<kw name="Click Element" owner="SeleniumLibrary">
<msg time="2024-03-21T14:22:35.617812" level="INFO">Clicking element 'xpath://p[contains(text(),'Account Management')]'.</msg>
<arg>${account_management}</arg>
<doc>Click the element identified by ``locator``.</doc>
<status status="PASS" start="2024-03-21T14:22:35.617293" elapsed="0.216972"/>
</kw>
<status status="PASS" start="2024-03-21T14:22:35.615270" elapsed="0.220085"/>
</kw>
<kw name="Sleep" owner="BuiltIn">
<msg time="2024-03-21T14:22:37.835626" level="INFO">Slept 2 seconds.</msg>
<arg>2</arg>
<doc>Pauses the test executed for the given time.</doc>
<status status="PASS" start="2024-03-21T14:22:35.835355" elapsed="2.000271"/>
</kw>
<kw name="Click on Manage Account option" owner="DashboardKeyword">
<kw name="Click Element" owner="SeleniumLibrary">
<msg time="2024-03-21T14:22:37.835626" level="INFO">Clicking element 'xpath://p[contains(text(),'Manage Account')]'.</msg>
<arg>${manage_account}</arg>
<doc>Click the element identified by ``locator``.</doc>
<status status="PASS" start="2024-03-21T14:22:37.835626" elapsed="0.246206"/>
</kw>
<status status="PASS" start="2024-03-21T14:22:37.835626" elapsed="0.246206"/>
</kw>
<kw name="Sleep" owner="BuiltIn">
<msg time="2024-03-21T14:22:39.082242" level="INFO">Slept 1 second.</msg>
<arg>1</arg>
<doc>Pauses the test executed for the given time.</doc>
<status status="PASS" start="2024-03-21T14:22:38.081832" elapsed="1.000410"/>
</kw>
<kw name="Click On Delete Account Button" owner="ManageAccountKeyword">
<kw name="Input Text" owner="SeleniumLibrary">
<msg time="2024-03-21T14:22:39.085386" level="INFO">Typing text 'demo' into text field 'xpath://input[@type='search']'.</msg>
<arg>${locator_search_box}</arg>
<arg>${search_data}</arg>
<doc>Types the given ``text`` into the text field identified by ``locator``.</doc>
<status status="PASS" start="2024-03-21T14:22:39.082242" elapsed="0.303486"/>
</kw>
<kw name="Click Element" owner="SeleniumLibrary">
<msg time="2024-03-21T14:22:39.387560" level="INFO">Clicking element 'xpath:(//button[@class='btn btn-flat btn-default btn-sm dropdown-toggle dropdown-icon'])[1]'.</msg>
<msg time="2024-03-21T14:22:40.134004" level="INFO" html="true">&lt;/td&gt;&lt;/tr&gt;&lt;tr&gt;&lt;td colspan="3"&gt;&lt;a href="selenium-screenshot-1.png"&gt;&lt;img src="selenium-screenshot-1.png" width="800px"&gt;&lt;/a&gt;</msg>
<msg time="2024-03-21T14:22:40.135010" level="FAIL">Element with locator 'xpath:(//button[@class='btn btn-flat btn-default btn-sm dropdown-toggle dropdown-icon'])[1]' not found.</msg>
<arg>${locator_action_button}</arg>
<doc>Click the element identified by ``locator``.</doc>
<status status="FAIL" start="2024-03-21T14:22:39.385728" elapsed="0.756395">Element with locator 'xpath:(//button[@class='btn btn-flat btn-default btn-sm dropdown-toggle dropdown-icon'])[1]' not found.</status>
</kw>
<kw name="Click Element" owner="SeleniumLibrary">
<arg>${locator_delete_button}</arg>
<doc>Click the element identified by ``locator``.</doc>
<status status="NOT RUN" start="2024-03-21T14:22:40.142123" elapsed="0.000000"/>
</kw>
<kw name="Sleep" owner="BuiltIn">
<arg>2</arg>
<doc>Pauses the test executed for the given time.</doc>
<status status="NOT RUN" start="2024-03-21T14:22:40.142123" elapsed="0.000000"/>
</kw>
<kw name="Click Button" owner="SeleniumLibrary">
<arg>${locator_delete_confirm_button}</arg>
<doc>Clicks the button identified by ``locator``.</doc>
<status status="NOT RUN" start="2024-03-21T14:22:40.142123" elapsed="0.000000"/>
</kw>
<arg>${search_value_for_delete}</arg>
<status status="FAIL" start="2024-03-21T14:22:39.082242" elapsed="1.059881">Element with locator 'xpath:(//button[@class='btn btn-flat btn-default btn-sm dropdown-toggle dropdown-icon'])[1]' not found.</status>
</kw>
<kw name="Sleep" owner="BuiltIn">
<arg>1</arg>
<doc>Pauses the test executed for the given time.</doc>
<status status="NOT RUN" start="2024-03-21T14:22:40.142123" elapsed="0.000000"/>
</kw>
<kw name="Verify Delete Account successfully" owner="ManageAccountKeyword">
<arg>${search_value_for_delete}</arg>
<status status="NOT RUN" start="2024-03-21T14:22:40.145165" elapsed="0.000000"/>
</kw>
<status status="FAIL" start="2024-03-21T14:22:33.270633" elapsed="6.874532">Element with locator 'xpath:(//button[@class='btn btn-flat btn-default btn-sm dropdown-toggle dropdown-icon'])[1]' not found.</status>
</kw>
<kw name="Run Keywords" owner="BuiltIn" type="TEARDOWN">
<kw name="Capture Screenshot On Failure" owner="LoginKeyword">
<kw name="Run Keyword If Test Failed" owner="BuiltIn">
<kw name="Capture Page Screenshot" owner="SeleniumLibrary">
<msg time="2024-03-21T14:22:40.674346" level="INFO" html="true">&lt;/td&gt;&lt;/tr&gt;&lt;tr&gt;&lt;td colspan="3"&gt;&lt;a href="selenium-screenshot-2.png"&gt;&lt;img src="selenium-screenshot-2.png" width="800px"&gt;&lt;/a&gt;</msg>
<doc>Takes a screenshot of the current page and embeds it into a log file.</doc>
<status status="PASS" start="2024-03-21T14:22:40.145165" elapsed="0.529181"/>
</kw>
<arg>Capture Page Screenshot</arg>
<doc>Runs the given keyword with the given arguments, if the test failed.</doc>
<status status="PASS" start="2024-03-21T14:22:40.145165" elapsed="0.529181"/>
</kw>
<status status="PASS" start="2024-03-21T14:22:40.145165" elapsed="0.529181"/>
</kw>
<kw name="Close my browser" owner="LoginKeyword">
<kw name="Close All Browsers" owner="SeleniumLibrary">
<doc>Closes all open browsers and resets the browser cache.</doc>
<status status="PASS" start="2024-03-21T14:22:40.674851" elapsed="6.350074"/>
</kw>
<status status="PASS" start="2024-03-21T14:22:40.674851" elapsed="6.350074"/>
</kw>
<arg>Capture Screenshot On Failure</arg>
<arg>AND</arg>
<arg>Close my browser</arg>
<doc>Executes all the given keywords in a sequence.</doc>
<status status="PASS" start="2024-03-21T14:22:40.145165" elapsed="6.879760"/>
</kw>
<tag>regression</tag>
<status status="FAIL" start="2024-03-21T14:22:30.625126" elapsed="16.399799">Element with locator 'xpath:(//button[@class='btn btn-flat btn-default btn-sm dropdown-toggle dropdown-icon'])[1]' not found.</status>
</test>
<test id="s1-t5" name="Send Final Report To The Manager" line="29">
<kw name="Open My Browser" owner="LoginKeyword" type="SETUP">
<kw name="Open Browser" owner="SeleniumLibrary">
<msg time="2024-03-21T14:22:47.035012" level="INFO">Opening browser 'headlesschrome' to base url 'http://localhost/banking/admin/login.php'.</msg>
<arg>${siteUrl}</arg>
<arg>${Browser}</arg>
<doc>Opens a new browser instance to the optional ``url``.</doc>
<status status="PASS" start="2024-03-21T14:22:47.024925" elapsed="2.406364"/>
</kw>
<kw name="Maximize Browser Window" owner="SeleniumLibrary">
<doc>Maximizes current browser window.</doc>
<status status="PASS" start="2024-03-21T14:22:49.432651" elapsed="0.116008"/>
</kw>
<status status="PASS" start="2024-03-21T14:22:47.024925" elapsed="2.523734"/>
</kw>
<kw name="Send Report Email" owner="GmailConfiguration">
<kw name="Send Email Report" owner="GmailConfiguration">
<arg>${smtp}</arg>
<arg>${port}</arg>
<arg>${sender}</arg>
<arg>${receiver}</arg>
<arg>${password}</arg>
<arg>${subject}</arg>
<arg>${body}</arg>
<arg>${attachment}</arg>
<status status="PASS" start="2024-03-21T14:22:49.548659" elapsed="6.806614"/>
</kw>
<status status="PASS" start="2024-03-21T14:22:49.548659" elapsed="6.812490"/>
</kw>
<kw name="Run Keywords" owner="BuiltIn" type="TEARDOWN">
<kw name="Capture Screenshot On Failure" owner="LoginKeyword">
<kw name="Run Keyword If Test Failed" owner="BuiltIn">
<arg>Capture Page Screenshot</arg>
<doc>Runs the given keyword with the given arguments, if the test failed.</doc>
<status status="PASS" start="2024-03-21T14:22:56.365132" elapsed="0.000000"/>
</kw>
<status status="PASS" start="2024-03-21T14:22:56.365132" elapsed="0.000000"/>
</kw>
<kw name="Close my browser" owner="LoginKeyword">
<kw name="Close All Browsers" owner="SeleniumLibrary">
<doc>Closes all open browsers and resets the browser cache.</doc>
<status status="PASS" start="2024-03-21T14:22:56.365132" elapsed="6.495367"/>
</kw>
<status status="PASS" start="2024-03-21T14:22:56.365132" elapsed="6.495367"/>
</kw>
<arg>Capture Screenshot On Failure</arg>
<arg>AND</arg>
<arg>Close my browser</arg>
<doc>Executes all the given keywords in a sequence.</doc>
<status status="PASS" start="2024-03-21T14:22:56.362992" elapsed="6.497507"/>
</kw>
<tag>regression</tag>
<tag>Smoke</tag>
<tag>snaity</tag>
<status status="PASS" start="2024-03-21T14:22:47.024925" elapsed="15.835574"/>
</test>
<status status="FAIL" start="2024-03-21T14:21:39.369378" elapsed="83.496898"/>
</suite>
<statistics>
<total>
<stat pass="4" fail="1" skip="0">All Tests</stat>
</total>
<tag>
<stat pass="4" fail="1" skip="0">regression</stat>
<stat pass="2" fail="0" skip="0">Smoke</stat>
<stat pass="2" fail="0" skip="0">snaity</stat>
</tag>
<suite>
<stat pass="4" fail="1" skip="0" id="s1" name="ManageAccountTest">ManageAccountTest</stat>
</suite>
</statistics>
<errors>
</errors>
</robot>
